<?xml version="1.0" encoding="UTF-8"?>
<testng-results ignored="0" total="4" passed="4" failed="0" skipped="0">
  <reporter-output>
  </reporter-output>
  <suite started-at="2022-06-24T15:00:26 ICT" name="Default suite" finished-at="2022-06-24T15:02:22 ICT" duration-ms="115844">
    <groups>
      <group name="cucumber">
        <method signature="AbstractTestNGCucumberTests.runScenario(io.cucumber.testng.PickleWrapper,io.cucumber.testng.FeatureWrapper)[pri:0, instance:com.nexsoft.onelist.runner.OneListRunner@514646ef]" name="runScenario" class="io.cucumber.testng.AbstractTestNGCucumberTests"/>
      </group> <!-- cucumber -->
    </groups>
    <test started-at="2022-06-24T15:00:26 ICT" name="Default test" finished-at="2022-06-24T15:02:22 ICT" duration-ms="115844">
      <class name="com.nexsoft.onelist.runner.OneListRunner">
        <test-method is-config="true" signature="setUpClass(org.testng.ITestContext)[pri:0, instance:com.nexsoft.onelist.runner.OneListRunner@514646ef]" started-at="2022-06-24T15:00:26 ICT" name="setUpClass" finished-at="2022-06-24T15:00:27 ICT" duration-ms="1194" status="PASS">
          <params>
            <param index="0">
              <value>
                <![CDATA[org.testng.TestRunner@8f2e3e6]]>
              </value>
            </param>
          </params>
          <reporter-output>
          </reporter-output>
        </test-method> <!-- setUpClass -->
        <test-method signature="runScenario(io.cucumber.testng.PickleWrapper,io.cucumber.testng.FeatureWrapper)[pri:0, instance:com.nexsoft.onelist.runner.OneListRunner@514646ef]" started-at="2022-06-24T15:00:27 ICT" name="runScenario" description="Runs Cucumber Scenarios" data-provider="scenarios" finished-at="2022-06-24T15:01:01 ICT" duration-ms="34316" status="PASS">
          <params>
            <param index="0">
              <value>
                <![CDATA["Add List data valid aplikasi 1List"]]>
              </value>
            </param>
            <param index="1">
              <value>
                <![CDATA["Add List di aplikasi 1List"]]>
              </value>
            </param>
          </params>
          <reporter-output>
          </reporter-output>
        </test-method> <!-- runScenario -->
        <test-method signature="runScenario(io.cucumber.testng.PickleWrapper,io.cucumber.testng.FeatureWrapper)[pri:0, instance:com.nexsoft.onelist.runner.OneListRunner@514646ef]" started-at="2022-06-24T15:01:01 ICT" name="runScenario" description="Runs Cucumber Scenarios" data-provider="scenarios" finished-at="2022-06-24T15:01:31 ICT" duration-ms="29153" status="PASS">
          <params>
            <param index="0">
              <value>
                <![CDATA["Add List data dengan spasi di aplikasi 1List"]]>
              </value>
            </param>
            <param index="1">
              <value>
                <![CDATA["Add List di aplikasi 1List"]]>
              </value>
            </param>
          </params>
          <reporter-output>
          </reporter-output>
        </test-method> <!-- runScenario -->
        <test-method signature="runScenario(io.cucumber.testng.PickleWrapper,io.cucumber.testng.FeatureWrapper)[pri:0, instance:com.nexsoft.onelist.runner.OneListRunner@514646ef]" started-at="2022-06-24T15:01:31 ICT" name="runScenario" description="Runs Cucumber Scenarios" data-provider="scenarios" finished-at="2022-06-24T15:02:00 ICT" duration-ms="29173" status="PASS">
          <params>
            <param index="0">
              <value>
                <![CDATA["Add List data dengan simbol di aplikasi 1List"]]>
              </value>
            </param>
            <param index="1">
              <value>
                <![CDATA["Add List di aplikasi 1List"]]>
              </value>
            </param>
          </params>
          <reporter-output>
          </reporter-output>
        </test-method> <!-- runScenario -->
        <test-method signature="runScenario(io.cucumber.testng.PickleWrapper,io.cucumber.testng.FeatureWrapper)[pri:0, instance:com.nexsoft.onelist.runner.OneListRunner@514646ef]" started-at="2022-06-24T15:02:00 ICT" name="runScenario" description="Runs Cucumber Scenarios" data-provider="scenarios" finished-at="2022-06-24T15:02:18 ICT" duration-ms="18623" status="PASS">
          <params>
            <param index="0">
              <value>
                <![CDATA["Cancel data saat Add List"]]>
              </value>
            </param>
            <param index="1">
              <value>
                <![CDATA["Add List di aplikasi 1List"]]>
              </value>
            </param>
          </params>
          <reporter-output>
          </reporter-output>
        </test-method> <!-- runScenario -->
        <test-method is-config="true" signature="tearDownClass()[pri:0, instance:com.nexsoft.onelist.runner.OneListRunner@514646ef]" started-at="2022-06-24T15:02:18 ICT" name="tearDownClass" finished-at="2022-06-24T15:02:22 ICT" duration-ms="3281" status="PASS">
          <reporter-output>
          </reporter-output>
        </test-method> <!-- tearDownClass -->
      </class> <!-- com.nexsoft.onelist.runner.OneListRunner -->
    </test> <!-- Default test -->
  </suite> <!-- Default suite -->
</testng-results>
